Determining if the pthread_create exist failed with the following output:
Change Dir: /home/feeder/workspace/native/example/HelloWorld/CMakeFiles/CMakeTmp

Run Build Command:"/usr/bin/make" "cmTC_5ec41/fast"
/usr/bin/make -f CMakeFiles/cmTC_5ec41.dir/build.make CMakeFiles/cmTC_5ec41.dir/build
make[1]: Entering directory '/home/feeder/workspace/native/example/HelloWorld/CMakeFiles/CMakeTmp'
Building CXX object CMakeFiles/cmTC_5ec41.dir/CheckSymbolExists.cxx.o
/usr/bin/c++     -std=c++11    -o CMakeFiles/cmTC_5ec41.dir/CheckSymbolExists.cxx.o -c /home/feeder/workspace/native/example/HelloWorld/CMakeFiles/CMakeTmp/CheckSymbolExists.cxx
Linking CXX executable cmTC_5ec41
/usr/bin/cmake -E cmake_link_script CMakeFiles/cmTC_5ec41.dir/link.txt --verbose=1
/usr/bin/c++    -std=c++11     CMakeFiles/cmTC_5ec41.dir/CheckSymbolExists.cxx.o  -o cmTC_5ec41 -rdynamic 
CMakeFiles/cmTC_5ec41.dir/CheckSymbolExists.cxx.o: In function `main':
CheckSymbolExists.cxx:(.text+0x16): undefined reference to `pthread_create'
collect2: error: ld returned 1 exit status
CMakeFiles/cmTC_5ec41.dir/build.make:97: recipe for target 'cmTC_5ec41' failed
make[1]: *** [cmTC_5ec41] Error 1
make[1]: Leaving directory '/home/feeder/workspace/native/example/HelloWorld/CMakeFiles/CMakeTmp'
Makefile:126: recipe for target 'cmTC_5ec41/fast' failed
make: *** [cmTC_5ec41/fast] Error 2

File /home/feeder/workspace/native/example/HelloWorld/CMakeFiles/CMakeTmp/CheckSymbolExists.cxx:
/* */
#include <pthread.h>

int main(int argc, char** argv)
{
  (void)argv;
#ifndef pthread_create
  return ((int*)(&pthread_create))[argc];
#else
  (void)argc;
  return 0;
#endif
}

Determining if the function pthread_create exists in the pthreads failed with the following output:
Change Dir: /home/feeder/workspace/native/example/HelloWorld/CMakeFiles/CMakeTmp

Run Build Command:"/usr/bin/make" "cmTC_b02ad/fast"
/usr/bin/make -f CMakeFiles/cmTC_b02ad.dir/build.make CMakeFiles/cmTC_b02ad.dir/build
make[1]: Entering directory '/home/feeder/workspace/native/example/HelloWorld/CMakeFiles/CMakeTmp'
Building CXX object CMakeFiles/cmTC_b02ad.dir/CheckFunctionExists.cxx.o
/usr/bin/c++     -std=c++11 -DCHECK_FUNCTION_EXISTS=pthread_create   -o CMakeFiles/cmTC_b02ad.dir/CheckFunctionExists.cxx.o -c /home/feeder/workspace/native/example/HelloWorld/CMakeFiles/CheckLibraryExists/CheckFunctionExists.cxx
Linking CXX executable cmTC_b02ad
/usr/bin/cmake -E cmake_link_script CMakeFiles/cmTC_b02ad.dir/link.txt --verbose=1
/usr/bin/c++    -std=c++11 -DCHECK_FUNCTION_EXISTS=pthread_create    CMakeFiles/cmTC_b02ad.dir/CheckFunctionExists.cxx.o  -o cmTC_b02ad -rdynamic -lpthreads 
/usr/bin/ld: cannot find -lpthreads
collect2: error: ld returned 1 exit status
CMakeFiles/cmTC_b02ad.dir/build.make:97: recipe for target 'cmTC_b02ad' failed
make[1]: *** [cmTC_b02ad] Error 1
make[1]: Leaving directory '/home/feeder/workspace/native/example/HelloWorld/CMakeFiles/CMakeTmp'
Makefile:126: recipe for target 'cmTC_b02ad/fast' failed
make: *** [cmTC_b02ad/fast] Error 2


